  program.cpp
C:\Users\krist\source\repos\code-of-the-future-2023-botgap\src\main\program.cpp(25,24): warning C4838: conversion from 'int' to 'float' requires a narrowing conversion
C:\Users\krist\source\repos\code-of-the-future-2023-botgap\src\main\program.cpp(25,24): warning C4244: 'initializing': conversion from 'int' to 'float', possible loss of data
C:\Users\krist\source\repos\code-of-the-future-2023-botgap\src\main\program.cpp(36,66): warning C4244: 'argument': conversion from 'float' to 'int', possible loss of data
C:\Users\krist\source\repos\code-of-the-future-2023-botgap\src\main\program.cpp(36,43): warning C4244: 'argument': conversion from 'float' to 'int', possible loss of data
C:\Users\krist\source\repos\code-of-the-future-2023-botgap\src\main\program.cpp(69,24): warning C4838: conversion from 'int' to 'float' requires a narrowing conversion
C:\Users\krist\source\repos\code-of-the-future-2023-botgap\src\main\program.cpp(69,24): warning C4244: 'initializing': conversion from 'int' to 'float', possible loss of data
C:\Users\krist\source\repos\code-of-the-future-2023-botgap\src\main\program.cpp(80,66): warning C4244: 'argument': conversion from 'float' to 'int', possible loss of data
C:\Users\krist\source\repos\code-of-the-future-2023-botgap\src\main\program.cpp(80,43): warning C4244: 'argument': conversion from 'float' to 'int', possible loss of data
C:\Users\krist\source\repos\code-of-the-future-2023-botgap\src\main\program.cpp(115,24): warning C4838: conversion from 'int' to 'float' requires a narrowing conversion
C:\Users\krist\source\repos\code-of-the-future-2023-botgap\src\main\program.cpp(115,24): warning C4244: 'initializing': conversion from 'int' to 'float', possible loss of data
C:\Users\krist\source\repos\code-of-the-future-2023-botgap\src\main\program.cpp(126,66): warning C4244: 'argument': conversion from 'float' to 'int', possible loss of data
C:\Users\krist\source\repos\code-of-the-future-2023-botgap\src\main\program.cpp(126,43): warning C4244: 'argument': conversion from 'float' to 'int', possible loss of data
C:\Users\krist\source\repos\code-of-the-future-2023-botgap\src\main\program.cpp(160,24): warning C4838: conversion from 'int' to 'float' requires a narrowing conversion
C:\Users\krist\source\repos\code-of-the-future-2023-botgap\src\main\program.cpp(160,24): warning C4244: 'initializing': conversion from 'int' to 'float', possible loss of data
C:\Users\krist\source\repos\code-of-the-future-2023-botgap\src\main\program.cpp(171,66): warning C4244: 'argument': conversion from 'float' to 'int', possible loss of data
C:\Users\krist\source\repos\code-of-the-future-2023-botgap\src\main\program.cpp(171,43): warning C4244: 'argument': conversion from 'float' to 'int', possible loss of data
C:\Users\krist\source\repos\code-of-the-future-2023-botgap\src\main\program.cpp(206,24): warning C4838: conversion from 'int' to 'float' requires a narrowing conversion
C:\Users\krist\source\repos\code-of-the-future-2023-botgap\src\main\program.cpp(206,24): warning C4244: 'initializing': conversion from 'int' to 'float', possible loss of data
C:\Users\krist\source\repos\code-of-the-future-2023-botgap\src\main\program.cpp(217,66): warning C4244: 'argument': conversion from 'float' to 'int', possible loss of data
C:\Users\krist\source\repos\code-of-the-future-2023-botgap\src\main\program.cpp(217,43): warning C4244: 'argument': conversion from 'float' to 'int', possible loss of data
C:\Users\krist\source\repos\code-of-the-future-2023-botgap\src\main\program.cpp(249,24): warning C4838: conversion from 'int' to 'float' requires a narrowing conversion
C:\Users\krist\source\repos\code-of-the-future-2023-botgap\src\main\program.cpp(249,24): warning C4244: 'initializing': conversion from 'int' to 'float', possible loss of data
C:\Users\krist\source\repos\code-of-the-future-2023-botgap\src\main\program.cpp(260,66): warning C4244: 'argument': conversion from 'float' to 'int', possible loss of data
C:\Users\krist\source\repos\code-of-the-future-2023-botgap\src\main\program.cpp(260,43): warning C4244: 'argument': conversion from 'float' to 'int', possible loss of data
C:\Users\krist\source\repos\code-of-the-future-2023-botgap\src\main\program.cpp(294,24): warning C4838: conversion from 'int' to 'float' requires a narrowing conversion
C:\Users\krist\source\repos\code-of-the-future-2023-botgap\src\main\program.cpp(294,24): warning C4244: 'initializing': conversion from 'int' to 'float', possible loss of data
C:\Users\krist\source\repos\code-of-the-future-2023-botgap\src\main\program.cpp(305,66): warning C4244: 'argument': conversion from 'float' to 'int', possible loss of data
C:\Users\krist\source\repos\code-of-the-future-2023-botgap\src\main\program.cpp(305,43): warning C4244: 'argument': conversion from 'float' to 'int', possible loss of data
C:\Users\krist\source\repos\code-of-the-future-2023-botgap\src\main\program.cpp(339,24): warning C4838: conversion from 'int' to 'float' requires a narrowing conversion
C:\Users\krist\source\repos\code-of-the-future-2023-botgap\src\main\program.cpp(339,24): warning C4244: 'initializing': conversion from 'int' to 'float', possible loss of data
C:\Users\krist\source\repos\code-of-the-future-2023-botgap\src\main\program.cpp(350,66): warning C4244: 'argument': conversion from 'float' to 'int', possible loss of data
C:\Users\krist\source\repos\code-of-the-future-2023-botgap\src\main\program.cpp(350,43): warning C4244: 'argument': conversion from 'float' to 'int', possible loss of data
C:\Users\krist\source\repos\code-of-the-future-2023-botgap\src\main\program.cpp(431,61): warning C4267: 'argument': conversion from 'size_t' to 'int', possible loss of data
  main.vcxproj -> C:\Users\krist\source\repos\code-of-the-future-2023-botgap\src\x64\Debug\main.exe
